<?xml version="1.0" encoding="UTF-8"?>
<!-- Generated by org.testng.reporters.JUnitReportReporter -->
<testsuite skipped="0" hostname="Shallu-PC" name="TestingMaven.AnnotationsDemo" tests="1" failures="0" timestamp="2019-08-29T19:35:41 CEST" time="2.307" errors="0">
  <testcase name="f" time="2.307" classname="TestingMaven.AnnotationsDemo"/>
</testsuite> <!-- TestingMaven.AnnotationsDemo -->
